This file contains any messages produced by compilers while
running configure, to aid debugging if configure makes a mistake.

It was created by python configure 3.6, which was
generated by GNU Autoconf 2.69.  Invocation command line was

  $ ./configure LDFLAGS=-Wl,--allow-shlib-undefined CFLAGS=-mandroid -fomit-frame-pointer --sysroot /home/bobby/Android/Sdk/ndk-bundle/platforms/android-14/arch-arm HOSTPYTHON=/usr/bin/python3.6 HOSTPGEN=/usr/lib/python3.6/lib2to3/pgen2 --host=arm-eabi-linux --build=i686-pc-linux-gnu --enable-shared --prefix=/build

## --------- ##
## Platform. ##
## --------- ##

hostname = Argon
uname -m = x86_64
uname -r = 4.13.0-36-generic
uname -s = Linux
uname -v = #40-Ubuntu SMP Fri Feb 16 20:07:48 UTC 2018

/usr/bin/uname -p = unknown
/bin/uname -X     = unknown

/bin/arch              = unknown
/usr/bin/arch -k       = unknown
/usr/convex/getsysinfo = unknown
/usr/bin/hostinfo      = unknown
/bin/machine           = unknown
/usr/bin/oslevel       = unknown
/bin/universe          = unknown

PATH: /home/bobby/Android/Sdk/ndk-bundle/toolchains/arm-linux-androideabi-4.4.3/prebuilt/linux-x86/bin/
PATH: /home/bobby/Android/Sdk/ndk-bundle
PATH: /home/bobby/Android/Sdk/ndk-bundle/tools
PATH: /usr/local/bin
PATH: /usr/bin
PATH: /bin


## ----------- ##
## Core tests. ##
## ----------- ##

configure:2794: checking build system type
configure:2808: result: i686-pc-linux-gnu
configure:2828: checking host system type
configure:2841: result: arm-eabi-linux-gnu
configure:2871: checking for python3.6
configure:2887: found /usr/bin/python3.6
configure:2898: result: python3.6
configure:2913: checking for python interpreter for cross build
configure:2926: result: python3.6
configure:2998: checking for --enable-universalsdk
configure:3045: result: no
configure:3068: checking for --with-universal-archs
configure:3083: result: no
configure:3233: checking MACHDEP
configure:3442: result: linux
configure:3463: checking for --without-gcc
configure:3486: result: no
configure:3489: checking for --with-icc
configure:3509: result: no
configure:3593: checking for arm-eabi-linux-gcc
configure:3620: result: arm-linux-androideabi-gcc -DANDROID -mandroid -fomit-frame-pointer --sysroot /home/bobby/Android/Sdk/ndk-bundle/platforms/android-14/arch-arm
configure:3889: checking for C compiler version
configure:3898: arm-linux-androideabi-gcc -DANDROID -mandroid -fomit-frame-pointer --sysroot /home/bobby/Android/Sdk/ndk-bundle/platforms/android-14/arch-arm --version >&5
./configure: line 3900: arm-linux-androideabi-gcc: command not found
configure:3909: $? = 127
configure:3898: arm-linux-androideabi-gcc -DANDROID -mandroid -fomit-frame-pointer --sysroot /home/bobby/Android/Sdk/ndk-bundle/platforms/android-14/arch-arm -v >&5
./configure: line 3900: arm-linux-androideabi-gcc: command not found
configure:3909: $? = 127
configure:3898: arm-linux-androideabi-gcc -DANDROID -mandroid -fomit-frame-pointer --sysroot /home/bobby/Android/Sdk/ndk-bundle/platforms/android-14/arch-arm -V >&5
./configure: line 3900: arm-linux-androideabi-gcc: command not found
configure:3909: $? = 127
configure:3898: arm-linux-androideabi-gcc -DANDROID -mandroid -fomit-frame-pointer --sysroot /home/bobby/Android/Sdk/ndk-bundle/platforms/android-14/arch-arm -qversion >&5
./configure: line 3900: arm-linux-androideabi-gcc: command not found
configure:3909: $? = 127
configure:3929: checking whether the C compiler works
configure:3951: arm-linux-androideabi-gcc -DANDROID -mandroid -fomit-frame-pointer --sysroot /home/bobby/Android/Sdk/ndk-bundle/platforms/android-14/arch-arm -mandroid -fomit-frame-pointer --sysroot /home/bobby/Android/Sdk/ndk-bundle/platforms/android-14/arch-arm  -Wl,--allow-shlib-undefined conftest.c  >&5
./configure: line 3953: arm-linux-androideabi-gcc: command not found
configure:3955: $? = 127
configure:3993: result: no
configure: failed program was:
| /* confdefs.h */
| #define _GNU_SOURCE 1
| #define _NETBSD_SOURCE 1
| #define __BSD_VISIBLE 1
| #define _BSD_TYPES 1
| #define _DARWIN_C_SOURCE 1
| #define _XOPEN_SOURCE 700
| #define _XOPEN_SOURCE_EXTENDED 1
| #define _POSIX_C_SOURCE 200809L
| /* end confdefs.h.  */
| 
| int
| main ()
| {
| 
|   ;
|   return 0;
| }
configure:3998: error: in `/home/bobby/JetfuelGameEnginePublicGit/AndroidStudio/app/src/main/jni/cpython':
configure:4000: error: C compiler cannot create executables
See `config.log' for more details

## ---------------- ##
## Cache variables. ##
## ---------------- ##

ac_cv_build=i686-pc-linux-gnu
ac_cv_env_CC_set=set
ac_cv_env_CC_value='arm-linux-androideabi-gcc -DANDROID -mandroid -fomit-frame-pointer --sysroot /home/bobby/Android/Sdk/ndk-bundle/platforms/android-14/arch-arm'
ac_cv_env_CFLAGS_set=set
ac_cv_env_CFLAGS_value='-mandroid -fomit-frame-pointer --sysroot /home/bobby/Android/Sdk/ndk-bundle/platforms/android-14/arch-arm'
ac_cv_env_CPPFLAGS_set=
ac_cv_env_CPPFLAGS_value=
ac_cv_env_CPP_set=
ac_cv_env_CPP_value=
ac_cv_env_LDFLAGS_set=set
ac_cv_env_LDFLAGS_value=-Wl,--allow-shlib-undefined
ac_cv_env_LIBS_set=
ac_cv_env_LIBS_value=
ac_cv_env_MACHDEP_set=
ac_cv_env_MACHDEP_value=
ac_cv_env_PKG_CONFIG_LIBDIR_set=
ac_cv_env_PKG_CONFIG_LIBDIR_value=
ac_cv_env_PKG_CONFIG_PATH_set=
ac_cv_env_PKG_CONFIG_PATH_value=
ac_cv_env_PKG_CONFIG_set=
ac_cv_env_PKG_CONFIG_value=
ac_cv_env_build_alias_set=set
ac_cv_env_build_alias_value=i686-pc-linux-gnu
ac_cv_env_host_alias_set=set
ac_cv_env_host_alias_value=arm-eabi-linux
ac_cv_env_target_alias_set=
ac_cv_env_target_alias_value=
ac_cv_host=arm-eabi-linux-gnu
ac_cv_prog_CC='arm-linux-androideabi-gcc -DANDROID -mandroid -fomit-frame-pointer --sysroot /home/bobby/Android/Sdk/ndk-bundle/platforms/android-14/arch-arm'
ac_cv_prog_PYTHON_FOR_REGEN=python3.6

## ----------------- ##
## Output variables. ##
## ----------------- ##

ABIFLAGS=''
AR='arm-linux-androideabi-ar'
ARCH_RUN_32BIT=''
ARFLAGS=''
BASECFLAGS=''
BASECPPFLAGS=''
BLDLIBRARY=''
BLDSHARED=''
BUILDEXEEXT=''
CC='arm-linux-androideabi-gcc -DANDROID -mandroid -fomit-frame-pointer --sysroot /home/bobby/Android/Sdk/ndk-bundle/platforms/android-14/arch-arm'
CCSHARED=''
CFLAGS='-mandroid -fomit-frame-pointer --sysroot /home/bobby/Android/Sdk/ndk-bundle/platforms/android-14/arch-arm'
CFLAGSFORSHARED=''
CFLAGS_ALIASING=''
CFLAGS_NODIST=''
CONFIGURE_MACOSX_DEPLOYMENT_TARGET=''
CONFIG_ARGS=' '\''LDFLAGS=-Wl,--allow-shlib-undefined'\'' '\''CFLAGS=-mandroid -fomit-frame-pointer --sysroot /home/bobby/Android/Sdk/ndk-bundle/platforms/android-14/arch-arm'\'' '\''HOSTPYTHON=/usr/bin/python3.6'\'' '\''HOSTPGEN=/usr/lib/python3.6/lib2to3/pgen2'\'' '\''--host=arm-eabi-linux'\'' '\''--build=i686-pc-linux-gnu'\'' '\''--enable-shared'\'' '\''--prefix=/build'\'' '\''build_alias=i686-pc-linux-gnu'\'' '\''host_alias=arm-eabi-linux'\'' '\''CC=arm-linux-androideabi-gcc -DANDROID -mandroid -fomit-frame-pointer --sysroot /home/bobby/Android/Sdk/ndk-bundle/platforms/android-14/arch-arm'\'''
CPP=''
CPPFLAGS=''
CXX='arm-linux-androideabi-g++ -DANDROID -mandroid -fomit-frame-pointer --sysroot /home/bobby/Android/Sdk/ndk-bundle/platforms/android-14/arch-arm'
DEFS=''
DEF_MAKE_ALL_RULE=''
DEF_MAKE_RULE=''
DFLAGS=''
DLINCLDIR=''
DLLLIBRARY=''
DTRACE=''
DTRACE_HEADERS=''
DTRACE_OBJS=''
DYNLOADFILE=''
ECHO_C=''
ECHO_N='-n'
ECHO_T=''
EGREP=''
ENSUREPIP=''
EXEEXT=''
EXPORT_MACOSX_DEPLOYMENT_TARGET='#'
EXT_SUFFIX=''
FRAMEWORKALTINSTALLFIRST=''
FRAMEWORKALTINSTALLLAST=''
FRAMEWORKINSTALLAPPSPREFIX=''
FRAMEWORKINSTALLFIRST=''
FRAMEWORKINSTALLLAST=''
FRAMEWORKPYTHONW=''
FRAMEWORKUNIXTOOLSPREFIX='/build'
GITBRANCH=''
GITTAG=''
GITVERSION=''
GNULD=''
GREP=''
HAS_GIT='no-repository'
HAVE_GETHOSTBYNAME=''
HAVE_GETHOSTBYNAME_R=''
HAVE_GETHOSTBYNAME_R_3_ARG=''
HAVE_GETHOSTBYNAME_R_5_ARG=''
HAVE_GETHOSTBYNAME_R_6_ARG=''
INSTALL_DATA=''
INSTALL_PROGRAM=''
INSTALL_SCRIPT=''
INSTSONAME=''
LDCXXSHARED=''
LDFLAGS='-Wl,--allow-shlib-undefined'
LDLAST=''
LDLIBRARY=''
LDLIBRARYDIR=''
LDSHARED=''
LDVERSION=''
LIBC=''
LIBFFI_INCLUDEDIR=''
LIBM=''
LIBOBJS=''
LIBPL=''
LIBRARY=''
LIBS=''
LIBTOOL_CRUFT=''
LINKCC=''
LINKFORSHARED=''
LIPO_32BIT_FLAGS=''
LLVM_PROFDATA=''
LLVM_PROF_ERR=''
LLVM_PROF_FILE=''
LLVM_PROF_FOUND=''
LLVM_PROF_MERGER=''
LN=''
LTLIBOBJS=''
LTOFLAGS=''
MACHDEP='linux'
MACHDEP_OBJS=''
MAINCC=''
MKDIR_P=''
MULTIARCH=''
MULTIARCH_CPPFLAGS=''
NO_AS_NEEDED=''
OBJEXT=''
OPT=''
OTHER_LIBTOOL_OPT=''
PACKAGE_BUGREPORT='https://bugs.python.org/'
PACKAGE_NAME='python'
PACKAGE_STRING='python 3.6'
PACKAGE_TARNAME='python'
PACKAGE_URL=''
PACKAGE_VERSION='3.6'
PATH_SEPARATOR=':'
PGO_PROF_GEN_FLAG=''
PGO_PROF_USE_FLAG=''
PKG_CONFIG=''
PKG_CONFIG_LIBDIR=''
PKG_CONFIG_PATH=''
PLATFORM_TRIPLET=''
PY3LIBRARY=''
PYTHONFRAMEWORK=''
PYTHONFRAMEWORKDIR='no-framework'
PYTHONFRAMEWORKIDENTIFIER='org.python.python'
PYTHONFRAMEWORKINSTALLDIR=''
PYTHONFRAMEWORKPREFIX=''
PYTHON_FOR_BUILD='_PYTHON_PROJECT_BASE=$(abs_builddir) _PYTHON_HOST_PLATFORM=$(_PYTHON_HOST_PLATFORM) PYTHONPATH=$(shell test -f pybuilddir.txt && echo $(abs_builddir)/`cat pybuilddir.txt`:)$(srcdir)/Lib _PYTHON_SYSCONFIGDATA_NAME=_sysconfigdata_$(ABIFLAGS)_$(MACHDEP)_$(MULTIARCH) python3.6'
PYTHON_FOR_REGEN='python3.6'
PY_ENABLE_SHARED=''
RANLIB='arm-linux-androideabi-ranlib'
READELF=''
RUNSHARED=''
SED=''
SGI_ABI=''
SHELL='/bin/bash'
SHLIBS=''
SHLIB_SUFFIX=''
SOABI=''
SOVERSION='1.0'
SRCDIRS=''
TCLTK_INCLUDES=''
TCLTK_LIBS=''
THREADHEADERS=''
THREADOBJ=''
TRUE=''
UNIVERSALSDK=''
UNIVERSAL_ARCH_FLAGS=''
USE_INLINE=''
USE_THREAD_MODULE=''
VERSION='3.6'
_PYTHON_HOST_PLATFORM='linux-arm'
ac_ct_AR=''
ac_ct_CC=''
ac_ct_CXX=''
ac_ct_READELF=''
bindir='${exec_prefix}/bin'
build='i686-pc-linux-gnu'
build_alias='i686-pc-linux-gnu'
build_cpu='i686'
build_os='linux-gnu'
build_vendor='pc'
datadir='${datarootdir}'
datarootdir='${prefix}/share'
docdir='${datarootdir}/doc/${PACKAGE_TARNAME}'
dvidir='${docdir}'
exec_prefix='NONE'
host='arm-eabi-linux-gnu'
host_alias='arm-eabi-linux'
host_cpu='arm'
host_os='linux-gnu'
host_vendor='eabi'
htmldir='${docdir}'
includedir='${prefix}/include'
infodir='${datarootdir}/info'
libdir='${exec_prefix}/lib'
libexecdir='${exec_prefix}/libexec'
localedir='${datarootdir}/locale'
localstatedir='${prefix}/var'
mandir='${datarootdir}/man'
oldincludedir='/usr/include'
pdfdir='${docdir}'
prefix='/build'
program_transform_name='s,x,x,'
psdir='${docdir}'
sbindir='${exec_prefix}/sbin'
sharedstatedir='${prefix}/com'
sysconfdir='${prefix}/etc'
target=''
target_alias=''
target_cpu=''
target_os=''
target_vendor=''

## ----------- ##
## confdefs.h. ##
## ----------- ##

/* confdefs.h */
#define _GNU_SOURCE 1
#define _NETBSD_SOURCE 1
#define __BSD_VISIBLE 1
#define _BSD_TYPES 1
#define _DARWIN_C_SOURCE 1
#define _XOPEN_SOURCE 700
#define _XOPEN_SOURCE_EXTENDED 1
#define _POSIX_C_SOURCE 200809L

configure: exit 77
