z:\centralprojectstorage\eclipseworkspace\jetfuel game engine public git\visualstudio\jetfuel game engine\jetfuel game engine\debug\jetfuel game engine.pdb
z:\centralprojectstorage\eclipseworkspace\jetfuel game engine public git\visualstudio\jetfuel game engine\jetfuel game engine\debug\jetfuel game engine.idb
z:\centralprojectstorage\eclipseworkspace\jetfuel game engine public git\visualstudio\jetfuel game engine\jetfuel game engine\debug\text.obj
z:\centralprojectstorage\eclipseworkspace\jetfuel game engine public git\visualstudio\jetfuel game engine\jetfuel game engine\debug\stringlocalefile.obj
z:\centralprojectstorage\eclipseworkspace\jetfuel game engine public git\visualstudio\jetfuel game engine\jetfuel game engine\debug\circle2dshape.obj
z:\centralprojectstorage\eclipseworkspace\jetfuel game engine public git\visualstudio\jetfuel game engine\jetfuel game engine\debug\color.obj
z:\centralprojectstorage\eclipseworkspace\jetfuel game engine public git\visualstudio\jetfuel game engine\jetfuel game engine\debug\font.obj
z:\centralprojectstorage\eclipseworkspace\jetfuel game engine public git\visualstudio\jetfuel game engine\jetfuel game engine\debug\image.obj
z:\centralprojectstorage\eclipseworkspace\jetfuel game engine public git\visualstudio\jetfuel game engine\jetfuel game engine\debug\rectangle2dshape.obj
z:\centralprojectstorage\eclipseworkspace\jetfuel game engine public git\visualstudio\jetfuel game engine\jetfuel game engine\debug\scenemanager.obj
z:\centralprojectstorage\eclipseworkspace\jetfuel game engine public git\visualstudio\jetfuel game engine\jetfuel game engine\debug\sprite.obj
z:\centralprojectstorage\eclipseworkspace\jetfuel game engine public git\visualstudio\jetfuel game engine\jetfuel game engine\debug\button.obj
z:\centralprojectstorage\eclipseworkspace\jetfuel game engine public git\visualstudio\jetfuel game engine\jetfuel game engine\debug\checkbox.obj
z:\centralprojectstorage\eclipseworkspace\jetfuel game engine public git\visualstudio\jetfuel game engine\jetfuel game engine\debug\dropdownbox.obj
z:\centralprojectstorage\eclipseworkspace\jetfuel game engine public git\visualstudio\jetfuel game engine\jetfuel game engine\debug\menu.obj
z:\centralprojectstorage\eclipseworkspace\jetfuel game engine public git\visualstudio\jetfuel game engine\jetfuel game engine\debug\progressbar.obj
z:\centralprojectstorage\eclipseworkspace\jetfuel game engine public git\visualstudio\jetfuel game engine\jetfuel game engine\debug\slider.obj
z:\centralprojectstorage\eclipseworkspace\jetfuel game engine public git\visualstudio\jetfuel game engine\jetfuel game engine\debug\music.obj
z:\centralprojectstorage\eclipseworkspace\jetfuel game engine public git\visualstudio\jetfuel game engine\jetfuel game engine\debug\soundeffect.obj
z:\centralprojectstorage\eclipseworkspace\jetfuel game engine public git\visualstudio\jetfuel game engine\jetfuel game engine\debug\uismanager.obj
z:\centralprojectstorage\eclipseworkspace\jetfuel game engine public git\visualstudio\jetfuel game engine\jetfuel game engine\debug\messagebus.obj
z:\centralprojectstorage\eclipseworkspace\jetfuel game engine public git\visualstudio\jetfuel game engine\debug\jetfuel game engine.lib
z:\centralprojectstorage\eclipseworkspace\jetfuel game engine public git\visualstudio\jetfuel game engine\debug\jetfuel game engine.pdb
z:\centralprojectstorage\eclipseworkspace\jetfuel game engine public git\visualstudio\jetfuel game engine\jetfuel game engine\debug\jetfuel .c1bd33de.tlog\cl.read.1.tlog
z:\centralprojectstorage\eclipseworkspace\jetfuel game engine public git\visualstudio\jetfuel game engine\jetfuel game engine\debug\jetfuel .c1bd33de.tlog\cl.write.1.tlog
z:\centralprojectstorage\eclipseworkspace\jetfuel game engine public git\visualstudio\jetfuel game engine\jetfuel game engine\debug\jetfuel .c1bd33de.tlog\cl.command.1.tlog
z:\centralprojectstorage\eclipseworkspace\jetfuel game engine public git\visualstudio\jetfuel game engine\jetfuel game engine\debug\jetfuel .c1bd33de.tlog\lib-link.read.1.tlog
z:\centralprojectstorage\eclipseworkspace\jetfuel game engine public git\visualstudio\jetfuel game engine\jetfuel game engine\debug\jetfuel .c1bd33de.tlog\lib-link.write.1.tlog
z:\centralprojectstorage\eclipseworkspace\jetfuel game engine public git\visualstudio\jetfuel game engine\jetfuel game engine\debug\jetfuel .c1bd33de.tlog\lib.command.1.tlog
